<?xml version="1.0" encoding="UTF-8"?>
<!-- Generated by org.testng.reporters.JUnitXMLReporter -->
<testsuite ignored="0" hostname="MD-DESK" failures="1" tests="1" name="Rediff Para Test" time="0.046" errors="0" timestamp="2023-05-01T11:51:02 EDT">
  <testcase classname="testNG_code_Parameterization_30th_April_2023.Rediff_Parameterize" name="rediffLoginTest" time="0.0">
    <failure type="org.testng.TestNGException" message="
Method rediffLoginTest requires 7 parameters but 4 were supplied in the @Test annotation.">
      <![CDATA[org.testng.TestNGException: 
Method rediffLoginTest requires 7 parameters but 4 were supplied in the @Test annotation.
at java.base/java.util.ArrayList.forEach(ArrayList.java:1511)
... Removed 26 stack frames]]>
    </failure>
  </testcase> <!-- rediffLoginTest -->
</testsuite> <!-- Rediff Para Test -->
